0.308016
17.649292
17.649292
0.308016
17.649292
17.649292
17.649292
17.649292
17.649292
17.649292
17.649292
17.649292
17.649292
17.649292
17.649292
17.649292
17.649292
17.649292
17.649292
17.649292
17.649292
0.308016
17.649292
0.308016
17.649292
17.649292
17.649292
0.308016
17.649292
17.649292
0.308016
17.649292
17.649292
0.308016
17.649292
17.649292
17.649292
0.308016
17.649292
17.649292
17.649292
17.649292
17.649292
0.308016
17.649292
17.649292
0.308016
17.649292
17.649292
17.649292
17.649292
17.649292
0.308016
17.649292
0.308016
17.649292
17.649292
17.649292
17.649292
17.649292
17.649292
0.308016
17.649292
17.649292
17.649292
17.649292
17.649292
17.649290
17.649290
17.649290
17.649290
17.649292
17.649292
17.649290
17.649292
17.649088
17.648649
17.647690
17.646671
17.645346
17.644352
17.643410
17.642519
17.642067
17.642496
17.644163
17.645786
17.649393
0.308074
17.655993
17.658758
17.661345
17.662703
17.661905
17.658112
0.308054
17.643324
17.633974
17.615658
17.600878
17.578699
17.559580
0.306031
17.512506
17.485098
0.304695
17.435091
17.405014
17.369268
17.339346
17.291859
17.264090
17.239353
17.215033
0.299979
17.165964
0.299165
17.123497
17.096891
0.298047
17.063688
17.048496
17.035007
0.297115
17.016161
17.008865
17.003473
16.999445
0.296634
0.296617
0.296632
16.999344
0.296742
0.296828
0.296943
17.021414
17.029554
17.039345
17.049334
17.065094
17.077572
17.091385
17.105814
0.298826
17.137434
17.154472
0.299736
17.201731
0.300633
17.256214
17.282187
17.308548
17.330351
17.356991
0.303376
17.404911
17.430798
17.474085
0.305332
17.510437
17.523926
17.536627
17.545023
17.552095
17.556238
17.558479
17.558319
17.554386
17.549660
0.306155
17.536701
17.527987
17.517954
17.503819
17.489300
17.463961
17.442757
17.424232
17.395239
17.367912
0.302554
17.311504
17.283661
17.255434
17.227051
17.196074
17.165768
17.138552
17.098656
17.070091
17.044594
17.016926
16.992289
16.965528
0.295661
16.919762
16.895901
16.872435
0.293815
0.293444
0.293097
0.292701
0.292448
16.745176
16.734013
16.726879
16.718258
0.291693
16.710741
16.709131
16.708227
16.708815
16.710609
0.291698
0.291771
16.724060
0.291986
16.736853
0.292232
0.292412
0.292572
16.777357
0.293030
16.803610
0.293537
16.835276
16.851604
0.294415
0.294711
0.295140
0.295459
16.946928
16.968172
16.987848
17.009226
17.028131
17.048138
0.297798
17.076313
0.298262
17.097969
17.102579
17.103462
17.102871
0.298413
17.093035
0.298191
0.297983
17.063784
0.297569
17.038206
0.297005
0.296366
16.964930
16.943052
16.922453
16.898884
0.294386
16.848408
0.293611
16.801666
16.779425
16.757282
0.292024
16.711191
16.689894
16.669470
16.641375
16.624990
16.611740
0.289693
16.591455
16.584833
16.581564
16.580589
16.582985
16.586691
16.592464
0.289767
16.611887
16.621714
16.633423
16.650455
16.664516
16.683105
16.702127
16.722076
16.747435
16.781946
0.293338
0.293767
16.860626
0.294699
16.917475
0.295754
0.296222
0.296694
17.024893
0.298139
0.298597
17.133053
17.161526
17.187309
17.210474
0.300850
17.264364
17.290051
17.315859
17.352255
17.378510
17.407667
0.304359
17.464066
0.305310
0.305800
0.306296
0.306799
17.609068
0.307886
0.308575
17.709263
17.740679
0.310220
17.804365
17.836498
0.311901
17.904221
0.313028
17.968811
18.010836
18.039948
0.315455
0.316020
0.316585
18.172752
18.205194
18.237654
18.269932
18.301966
18.342691
18.373058
0.321214
18.434740
18.466421
18.517212
0.323698
0.324177
0.325065
0.325523
0.325967
18.703199
18.725832
18.750357
0.327693
18.798010
0.328506
0.328888
0.329397
18.893608
18.909689
0.330281
18.934734
18.945019
18.952000
18.957905
18.961781
18.963169
18.963373
18.961159
18.957729
0.330697
0.330577
0.330432
18.924595
18.914696
18.900351
18.887999
18.874285
18.859713
18.843407
0.328422
18.799589
0.327706
0.327342
0.326962
18.714512
0.326150
18.659067
18.634079
0.324705
0.324103
18.546902
18.519737
0.322685
18.465990
18.434656
18.408983
18.381447
18.356743
18.332478
18.284294
18.258060
18.234415
18.211092
18.185843
18.157003
18.136465
18.115700
18.101303
18.086674
18.071190
18.065983
18.063004
18.062160
0.315254
18.066952
0.315400
0.315514
18.091137
18.100372
18.111292
18.123446
18.140499
0.316906
0.317244
0.317603
18.220510
18.247002
18.274731
18.322584
18.347864
18.375986
18.404152
18.434689
18.467268
18.493824
18.519468
18.546988
18.573944
18.605562
18.627356
18.651155
18.679361
0.326434
18.725132
18.749809
18.771851
0.328322
18.831467
18.855268
0.329363
18.886126
0.329774
0.329903
0.329995
0.330014
0.329977
18.904093
18.899229
18.892328
18.882147
18.873348
18.863020
18.850517
0.328729
0.328484
0.328224
18.792538
0.327640
0.327316
0.326766
18.705202
0.326027
0.325637
18.638479
0.324824
18.588039
18.565908
18.541109
18.512966
18.474163
0.321911
18.422009
18.395897
18.367231
18.341406
18.315821
18.290665
18.258551
18.234316
0.317636
0.317217
18.152666
18.112898
18.090052
18.067659
18.042511
18.023037
0.314142
17.985601
0.313675
0.313540
17.960562
0.313413
17.959038
17.961029
0.313538
17.971212
17.981941
17.991392
18.002127
18.015312
0.314691
0.314979
18.067528
18.088703
18.111326
18.134903
18.159779
18.185425
18.214209
18.246361
0.319000
18.305634
18.332207
18.358488
18.384186
0.321322
0.321739
18.459070
0.322585
18.513010
18.535101
18.557169
18.579340
0.324712
18.626116
18.648260
18.669937
18.690535
0.326563
0.326892
18.759209
18.769945
0.327757
0.327847
0.327883
18.786919
0.327829
18.780134
18.774553
0.327536
18.760954
0.327243
0.327057
18.729620
0.326622
0.326370
18.686920
18.670500
0.325486
18.630571
18.603069
18.580717
18.557577
18.532814
18.507368
18.480770
18.453724
0.321527
0.321049
18.368883
0.319918
18.304939
18.276396
18.240526
0.317849
0.317413
18.163124
0.316514
0.316091
18.090288
18.066269
18.033482
18.009661
17.987989
17.973469
0.313437
17.950043
17.943575
17.939497
0.313081
0.313120
17.948135
0.313361
17.972546
17.984715
17.998707
18.015417
0.314781
18.067610
18.089094
18.114668
18.142000
18.173292
0.317686
18.234245
18.265629
18.297085
0.319925
0.320463
18.399078
0.321718
18.460535
0.322718
18.519310
18.549015
18.572792
18.601088
18.626215
18.651123
18.685541
18.709850
18.736090
0.327410
18.777523
18.794617
18.807421
18.818132
18.827229
18.832422
0.328708
0.328691
18.832075
18.829132
18.824572
18.817860
18.811647
18.802588
18.794256
18.782398
18.770744
18.743183
18.727001
18.712402
18.695538
18.677332
18.658264
18.636395
18.617521
18.595863
18.570835
18.537834
18.511044
18.485914
18.460295
18.434399
18.405764
18.377485
0.320240
18.327141
18.297237
18.268005
18.243740
18.220022
18.195179
18.174347
18.151287
18.136639
18.124119
18.116228
18.111408
18.111010
18.112839
18.116207
18.122461
0.316424
18.139727
18.150335
18.162897
18.178680
18.192682
18.225140
18.247931
18.267382
18.290728
18.314779
18.339539
18.367945
18.396906
18.442837
18.470137
18.497496
18.530407
18.557878
18.585344
18.612724
18.640028
18.667040
18.696333
18.720036
18.745737
18.773647
18.803537
18.830666
18.855139
18.879509
18.903803
18.928026
18.951857
18.975298
18.998499
19.021452
19.052830
19.075182
19.091967
19.107199
19.120037
19.128996
19.135803
19.140459
19.140751
19.139687
19.135082
19.130417
19.124771
19.118187
19.111200
19.103811
19.095198
19.084089
19.065004
0.332482
19.037920
19.020853
19.003950
18.987335
18.970114
18.952288
18.913513
18.893236
18.871902
18.849436
18.826597
18.793909
18.770205
18.746210
18.722111
18.697865
18.673580
18.649439
18.625425
18.599195
18.578131
18.548058
18.523344
18.501225
18.479553
18.458303
18.437279
18.416533
18.395901
18.369638
18.349941
18.325071
18.306576
0.319153
18.272594
18.257917
18.243177
18.233685
18.224516
18.217424
18.213840
18.212036
18.215536
18.219801
18.225657
18.233543
18.240963
18.249514
18.257046
0.318797
18.276735
18.288355
18.305630
0.319794
18.357283
0.320767
0.321159
18.423908
18.448719
18.478014
0.322963
18.531773
18.573040
0.324710
18.632839
18.662546
0.326263
0.326761
0.327245
18.775719
18.802658
18.828770
18.867285
0.329756
0.330189
0.330704
18.971273
0.331551
0.331960
19.043053
0.332667
0.332921
19.088829
0.333368
19.107155
19.110567
0.333548
0.333525
19.107737
19.102995
19.096081
19.090416
0.333029
19.074596
19.064051
19.051552
0.332253
19.026011
19.011974
0.331513
18.981323
0.330898
18.943962
18.901121
0.329463
18.859146
0.328707
18.814699
0.327914
18.766169
18.742535
0.326508
0.326085
0.325658
0.325231
18.611296
0.324337
0.323912
0.323487
0.323064
18.489746
0.322219
18.441460
18.407982
0.320800
0.320387
0.319978
0.319529
0.319128
0.318738
18.244352
0.318016
0.317687
0.317320
18.169195
18.155998
0.316649
18.137592
18.133135
18.132719
18.135172
18.139694
18.145403
18.152805
0.317024
18.175297
0.317392
0.317600
18.210321
18.225294
18.239483
18.270157
0.319166
0.319461
18.328074
18.346630
18.367744
0.320900
18.408783
18.431410
18.452353
18.478821
18.504101
18.529749
0.324065
0.324526
0.324988
0.325447
18.671669
18.697666
0.326802
0.327240
18.806175
0.328644
18.851070
18.872747
18.894056
18.915112
0.330503
0.330857
18.976141
18.995678
0.331971
0.332281
0.332568
0.332835
19.084448
19.099394
0.333530
19.120026
0.333839
0.333932
0.333996
0.334042
19.142662
0.334107
19.144878
19.145330
19.145439
19.145439
19.145439
19.145439
19.145439
19.145439
19.145439
19.145439
19.145439
19.145439
19.145439
0.334126
19.145439
0.334126
19.145439
19.145439
19.145439
19.145439
19.145439
19.145439
19.145439
19.145439
19.145439
19.145439
19.145439
19.145420
19.145178
0.334110
19.143612
19.142145
0.334032
0.333972
0.333907
19.129128
0.333747
0.333647
19.110285
0.333388
0.333252
19.088079
19.079889
19.070681
0.332660
19.052982
0.332366
19.036993
19.025230
19.017675
19.002283
0.331472
18.986952
0.331238
0.331135
18.968851
18.964565
18.959597
18.955257
0.330782
18.954092
18.955208
18.957573
18.961887
0.331030
18.974131
18.983961
18.996645
19.013817
19.030294
19.048391
